#
# A fatal error has been detected by the Java Runtime Environment:
#
#  EXCEPTION_ACCESS_VIOLATION (0xc0000005) at pc=0x0000000071f89738, pid=6932, tid=1596
#
# JRE version: Java(TM) SE Runtime Environment (7.0_51-b13) (build 1.7.0_51-b13)
# Java VM: Java HotSpot(TM) 64-Bit Server VM (24.51-b03 mixed mode windows-amd64 compressed oops)
# Problematic frame:
# C  [awt.dll+0xb9738]
#
# Failed to write core dump. Minidumps are not enabled by default on client versions of Windows
#
# If you would like to submit a bug report, please visit:
#   http://bugreport.sun.com/bugreport/crash.jsp
# The crash happened outside the Java Virtual Machine in native code.
# See problematic frame for where to report the bug.
#

---------------  T H R E A D  ---------------

Current thread (0x0000000010e77800):  JavaThread "AWT-EventQueue-0" [_thread_in_native, id=1596, stack(0x0000000016360000,0x0000000016460000)]

siginfo: ExceptionCode=0xc0000005, reading address 0x0000000000000008

Registers:
RAX=0x000000000000000d, RBX=0x0000000010e779e8, RCX=0x0000000000000000, RDX=0x000000000901179d
RSP=0x000000001645c2b8, RBP=0x0000000010e779e8, RSI=0x000000001656c2a0, RDI=0x0000000010deaf00
R8 =0x000000001645c278, R9 =0x0000000000000005, R10=0x00000000149cf920, R11=0x000000001645c2b8
R12=0x000000000901179d, R13=0x0000000000000000, R14=0x000000001645ca48, R15=0x0000000010e77800
RIP=0x0000000071f89738, EFLAGS=0x0000000000010202

Top of Stack: (sp=0x000000001645c2b8)
0x000000001645c2b8:   0000000071f49b89 000000000901179d
0x000000001645c2c8:   0000000010e779e8 0000000010e779e8
0x000000001645c2d8:   000000001656c2a0 0000000000000000
0x000000001645c2e8:   000000001656c2a0 000000001645ca38
0x000000001645c2f8:   0000000071f2a6a1 0000000010e779e8
0x000000001645c308:   0000000000000000 000000001645c401
0x000000001645c318:   0000000000000000 00000000166aa2f0
0x000000001645c328:   0000000071f467e2 000000001645ca38
0x000000001645c338:   000000001645c430 0000000010e779e8
0x000000001645c348:   00000007ac5b1980 0000000000000000
0x000000001645c358:   0000000000000000 0000000000000000
0x000000001645c368:   0000000000000000 0000000000000000
0x000000001645c378:   0000000000000000 0000000000000000
0x000000001645c388:   0000000000000000 0000000000000000
0x000000001645c398:   0000000000000000 0000000000000000
0x000000001645c3a8:   000000001645ca30 0000000010e779e8 

Instructions: (pc=0x0000000071f89738)
0x0000000071f89718:   5e 41 5d 41 5c 5f c3 cc 48 8b 41 08 48 05 00 04
0x0000000071f89728:   00 00 c3 cc 48 8b 41 08 48 8b 80 18 0c 00 00 c3
0x0000000071f89738:   48 8b 49 08 48 85 c9 74 05 e9 4e 6e fe ff 33 c0
0x0000000071f89748:   c3 cc cc cc 48 83 ec 28 48 8b 49 08 48 85 c9 74 


Register to memory mapping:

RAX=0x000000000000000d is an unknown value
RBX=0x0000000010e779e8 is an unknown value
RCX=0x0000000000000000 is an unknown value
RDX=0x000000000901179d is an unknown value
RSP=0x000000001645c2b8 is pointing into the stack for thread: 0x0000000010e77800
RBP=0x0000000010e779e8 is an unknown value
RSI=0x000000001656c2a0 is an unknown value
RDI=0x0000000010deaf00 is an unknown value
R8 =0x000000001645c278 is pointing into the stack for thread: 0x0000000010e77800
R9 =0x0000000000000005 is an unknown value
R10=0x00000000149cf920 is an unknown value
R11=0x000000001645c2b8 is pointing into the stack for thread: 0x0000000010e77800
R12=0x000000000901179d is an unknown value
R13=0x0000000000000000 is an unknown value
R14=0x000000001645ca48 is pointing into the stack for thread: 0x0000000010e77800
R15=0x0000000010e77800 is a thread


Stack: [0x0000000016360000,0x0000000016460000],  sp=0x000000001645c2b8,  free space=1008k
Native frames: (J=compiled Java code, j=interpreted, Vv=VM code, C=native code)
C  [awt.dll+0xb9738]

Java frames: (J=compiled Java code, j=interpreted, Vv=VM code)
j  sun.java2d.windows.GDIBlitLoops.nativeBlit(Lsun/java2d/SurfaceData;Lsun/java2d/SurfaceData;Lsun/java2d/pipe/Region;IIIIIIIIIZ)V+0
j  sun.java2d.windows.GDIBlitLoops.Blit(Lsun/java2d/SurfaceData;Lsun/java2d/SurfaceData;Ljava/awt/Composite;Lsun/java2d/pipe/Region;IIIIII)V+33
j  sun.java2d.pipe.DrawImage.blitSurfaceData(Lsun/java2d/SunGraphics2D;Lsun/java2d/pipe/Region;Lsun/java2d/SurfaceData;Lsun/java2d/SurfaceData;Lsun/java2d/loops/SurfaceType;Lsun/java2d/loops/SurfaceType;IIIIIILjava/awt/Color;)V+97
j  sun.java2d.pipe.DrawImage.renderImageCopy(Lsun/java2d/SunGraphics2D;Ljava/awt/Image;Ljava/awt/Color;IIIIII)Z+77
j  sun.java2d.pipe.DrawImage.copyImage(Lsun/java2d/SunGraphics2D;Ljava/awt/Image;IILjava/awt/Color;)Z+45
j  sun.java2d.pipe.DrawImage.copyImage(Lsun/java2d/SunGraphics2D;Ljava/awt/Image;IILjava/awt/Color;Ljava/awt/image/ImageObserver;)Z+15
j  sun.java2d.pipe.ValidatePipe.copyImage(Lsun/java2d/SunGraphics2D;Ljava/awt/Image;IILjava/awt/Color;Ljava/awt/image/ImageObserver;)Z+21
j  sun.java2d.SunGraphics2D.drawImage(Ljava/awt/Image;IILjava/awt/Color;Ljava/awt/image/ImageObserver;)Z+65
j  sun.java2d.SunGraphics2D.drawImage(Ljava/awt/Image;IILjava/awt/image/ImageObserver;)Z+7
j  javax.swing.RepaintManager$PaintManager.paintDoubleBuffered(Ljavax/swing/JComponent;Ljava/awt/Image;Ljava/awt/Graphics;IIII)V+242
j  javax.swing.RepaintManager$PaintManager.paint(Ljavax/swing/JComponent;Ljavax/swing/JComponent;Ljava/awt/Graphics;IIII)Z+116
j  javax.swing.RepaintManager.paint(Ljavax/swing/JComponent;Ljavax/swing/JComponent;Ljava/awt/Graphics;IIII)V+52
j  javax.swing.JComponent.paint(Ljava/awt/Graphics;)V+221
j  java.awt.GraphicsCallback$PaintCallback.run(Ljava/awt/Component;Ljava/awt/Graphics;)V+2
j  sun.awt.SunGraphicsCallback.runOneComponent(Ljava/awt/Component;Ljava/awt/Rectangle;Ljava/awt/Graphics;Ljava/awt/Shape;I)V+155
j  sun.awt.SunGraphicsCallback.runComponents([Ljava/awt/Component;Ljava/awt/Graphics;I)V+194
j  java.awt.Container.paint(Ljava/awt/Graphics;)V+58
j  java.awt.Window.paint(Ljava/awt/Graphics;)V+68
j  javax.swing.RepaintManager$3.run()Ljava/lang/Void;+136
j  javax.swing.RepaintManager$3.run()Ljava/lang/Object;+1
v  ~StubRoutines::call_stub
j  java.security.AccessController.doPrivileged(Ljava/security/PrivilegedAction;Ljava/security/AccessControlContext;)Ljava/lang/Object;+0
j  java.security.ProtectionDomain$1.doIntersectionPrivilege(Ljava/security/PrivilegedAction;Ljava/security/AccessControlContext;Ljava/security/AccessControlContext;)Ljava/lang/Object;+28
j  javax.swing.RepaintManager.paintDirtyRegions(Ljava/util/Map;)V+154
j  javax.swing.RepaintManager.paintDirtyRegions()V+46
j  javax.swing.RepaintManager.prePaintDirtyRegions()V+73
j  javax.swing.RepaintManager.access$1100(Ljavax/swing/RepaintManager;)V+1
j  javax.swing.RepaintManager$ProcessingRunnable.run()V+37
j  java.awt.event.InvocationEvent.dispatch()V+47
j  java.awt.EventQueue.dispatchEventImpl(Ljava/awt/AWTEvent;Ljava/lang/Object;)V+21
j  java.awt.EventQueue.access$200(Ljava/awt/EventQueue;Ljava/awt/AWTEvent;Ljava/lang/Object;)V+3
j  java.awt.EventQueue$3.run()Ljava/lang/Void;+12
j  java.awt.EventQueue$3.run()Ljava/lang/Object;+1
v  ~StubRoutines::call_stub
j  java.security.AccessController.doPrivileged(Ljava/security/PrivilegedAction;Ljava/security/AccessControlContext;)Ljava/lang/Object;+0
j  java.security.ProtectionDomain$1.doIntersectionPrivilege(Ljava/security/PrivilegedAction;Ljava/security/AccessControlContext;Ljava/security/AccessControlContext;)Ljava/lang/Object;+28
j  java.awt.EventQueue.dispatchEvent(Ljava/awt/AWTEvent;)V+46
j  java.awt.EventDispatchThread.pumpOneEventForFilters(I)V+245
j  java.awt.EventDispatchThread.pumpEventsForFilter(ILjava/awt/Conditional;Ljava/awt/EventFilter;)V+35
j  java.awt.EventDispatchThread.pumpEventsForHierarchy(ILjava/awt/Conditional;Ljava/awt/Component;)V+11
j  java.awt.EventDispatchThread.pumpEvents(ILjava/awt/Conditional;)V+4
j  java.awt.EventDispatchThread.pumpEvents(Ljava/awt/Conditional;)V+3
j  java.awt.EventDispatchThread.run()V+9
v  ~StubRoutines::call_stub

---------------  P R O C E S S  ---------------

Java Threads: ( => current thread )
  0x00000000166d3000 JavaThread "TimerQueue" daemon [_thread_blocked, id=5752, stack(0x000000001abe0000,0x000000001ace0000)]
  0x0000000016006800 JavaThread "Abandoned connection cleanup thread" daemon [_thread_blocked, id=6432, stack(0x000000001aa60000,0x000000001ab60000)]
  0x0000000016574800 JavaThread "D3D Screen Updater" daemon [_thread_blocked, id=3260, stack(0x0000000017620000,0x0000000017720000)]
  0x000000000008e800 JavaThread "DestroyJavaVM" [_thread_blocked, id=4084, stack(0x0000000002420000,0x0000000002520000)]
=>0x0000000010e77800 JavaThread "AWT-EventQueue-0" [_thread_in_native, id=1596, stack(0x0000000016360000,0x0000000016460000)]
  0x0000000010dcd800 JavaThread "AWT-Windows" daemon [_thread_in_native, id=4944, stack(0x0000000012b90000,0x0000000012c90000)]
  0x0000000010dc9800 JavaThread "AWT-Shutdown" [_thread_blocked, id=5684, stack(0x0000000012a90000,0x0000000012b90000)]
  0x0000000010dc9000 JavaThread "Java2D Disposer" daemon [_thread_blocked, id=3768, stack(0x00000000128c0000,0x00000000129c0000)]
  0x000000000fc0e800 JavaThread "Service Thread" daemon [_thread_blocked, id=4968, stack(0x0000000011bf0000,0x0000000011cf0000)]
  0x000000000fc0b800 JavaThread "C2 CompilerThread1" daemon [_thread_blocked, id=5984, stack(0x0000000012540000,0x0000000012640000)]
  0x000000000fc04000 JavaThread "C2 CompilerThread0" daemon [_thread_blocked, id=1036, stack(0x00000000123c0000,0x00000000124c0000)]
  0x000000000fc03800 JavaThread "Attach Listener" daemon [_thread_blocked, id=6384, stack(0x0000000012210000,0x0000000012310000)]
  0x000000000fc02800 JavaThread "Signal Dispatcher" daemon [_thread_blocked, id=3908, stack(0x00000000120f0000,0x00000000121f0000)]
  0x000000000fbf6000 JavaThread "Finalizer" daemon [_thread_blocked, id=976, stack(0x0000000011f30000,0x0000000012030000)]
  0x000000000fbef800 JavaThread "Reference Handler" daemon [_thread_blocked, id=7132, stack(0x0000000011d40000,0x0000000011e40000)]

Other Threads:
  0x000000000fbec000 VMThread [stack: 0x0000000011ae0000,0x0000000011be0000] [id=4572]
  0x000000000fc0f000 WatcherThread [stack: 0x0000000012710000,0x0000000012810000] [id=5484]

VM state:not at safepoint (normal execution)

VM Mutex/Monitor currently owned by a thread: None

Heap
 PSYoungGen      total 28672K, used 25081K [0x00000007aaf00000, 0x00000007ace00000, 0x0000000800000000)
  eden space 25600K, 92% used [0x00000007aaf00000,0x00000007ac61e9c8,0x00000007ac800000)
  from space 3072K, 45% used [0x00000007ac800000,0x00000007ac95fcc0,0x00000007acb00000)
  to   space 3072K, 0% used [0x00000007acb00000,0x00000007acb00000,0x00000007ace00000)
 ParOldGen       total 174080K, used 23055K [0x0000000700e00000, 0x000000070b800000, 0x00000007aaf00000)
  object space 174080K, 13% used [0x0000000700e00000,0x0000000702483df8,0x000000070b800000)
 PSPermGen       total 21504K, used 16742K [0x00000006fbc00000, 0x00000006fd100000, 0x0000000700e00000)
  object space 21504K, 77% used [0x00000006fbc00000,0x00000006fcc599f0,0x00000006fd100000)

Card table byte_map: [0x0000000005520000,0x0000000005d50000] byte_map_base: 0x0000000001d42000

Polling page: 0x0000000000340000

Code Cache  [0x0000000002520000, 0x00000000027c0000, 0x0000000005520000)
 total_blobs=1071 nmethods=562 adapters=461 free_code_cache=46534Kb largest_free_block=47601536

Compilation events (10 events):
Event: 945.433 Thread 0x000000000fc04000  568  s          sun.net.www.MessageHeader::getKey (43 bytes)
Event: 945.436 Thread 0x000000000fc04000 nmethod 568 0x0000000002767a90 code [0x0000000002767be0, 0x0000000002768148]
Event: 1448.971 Thread 0x000000000fc0b800  569             java.lang.ref.ReferenceQueue::reallyPoll (69 bytes)
Event: 1448.972 Thread 0x000000000fc0b800 nmethod 569 0x000000000276d750 code [0x000000000276d8a0, 0x000000000276d9d8]
Event: 1511.217 Thread 0x000000000fc04000  571 % !         com.mysql.jdbc.AbandonedConnectionCleanupThread::run @ 11 (68 bytes)
Event: 1511.225 Thread 0x000000000fc04000 nmethod 571% 0x0000000002785ad0 code [0x0000000002785c60, 0x00000000027862a8]
Event: 23114.259 Thread 0x000000000fc0b800  573             java.util.Arrays::binarySearch0 (95 bytes)
Event: 23114.261 Thread 0x000000000fc0b800 nmethod 573 0x00000000027714d0 code [0x0000000002771620, 0x00000000027717d8]
Event: 23292.826 Thread 0x000000000fc04000  574             java.util.HashMap::transfer (115 bytes)
Event: 23292.828 Thread 0x000000000fc04000 nmethod 574 0x000000000277b950 code [0x000000000277baa0, 0x000000000277bd88]

GC Heap History (10 events):
Event: 1020.658 GC heap before
{Heap before GC invocations=307 (full 0):
 PSYoungGen      total 28160K, used 27447K [0x00000007aaf00000, 0x00000007acd80000, 0x0000000800000000)
  eden space 26112K, 100% used [0x00000007aaf00000,0x00000007ac880000,0x00000007ac880000)
  from space 2048K, 65% used [0x00000007acb80000,0x00000007acccdcc0,0x00000007acd80000)
  to   space 2560K, 0% used [0x00000007ac880000,0x00000007ac880000,0x00000007acb00000)
 ParOldGen       total 174080K, used 22935K [0x0000000700e00000, 0x000000070b800000, 0x00000007aaf00000)
  object space 174080K, 13% used [0x0000000700e00000,0x0000000702465dc8,0x000000070b800000)
 PSPermGen       total 21504K, used 16546K [0x00000006fbc00000, 0x00000006fd100000, 0x0000000700e00000)
  object space 21504K, 76% used [0x00000006fbc00000,0x00000006fcc289b0,0x00000006fd100000)
Event: 1020.661 GC heap after
Heap after GC invocations=307 (full 0):
 PSYoungGen      total 28672K, used 1388K [0x00000007aaf00000, 0x00000007acd80000, 0x0000000800000000)
  eden space 26112K, 0% used [0x00000007aaf00000,0x00000007aaf00000,0x00000007ac880000)
  from space 2560K, 54% used [0x00000007ac880000,0x00000007ac9db020,0x00000007acb00000)
  to   space 2560K, 0% used [0x00000007acb00000,0x00000007acb00000,0x00000007acd80000)
 ParOldGen       total 174080K, used 22959K [0x0000000700e00000, 0x000000070b800000, 0x00000007aaf00000)
  object space 174080K, 13% used [0x0000000700e00000,0x000000070246bdc8,0x000000070b800000)
 PSPermGen       total 21504K, used 16546K [0x00000006fbc00000, 0x00000006fd100000, 0x0000000700e00000)
  object space 21504K, 76% used [0x00000006fbc00000,0x00000006fcc289b0,0x00000006fd100000)
}
Event: 1023.124 GC heap before
{Heap before GC invocations=308 (full 0):
 PSYoungGen      total 28672K, used 27500K [0x00000007aaf00000, 0x00000007acd80000, 0x0000000800000000)
  eden space 26112K, 100% used [0x00000007aaf00000,0x00000007ac880000,0x00000007ac880000)
  from space 2560K, 54% used [0x00000007ac880000,0x00000007ac9db020,0x00000007acb00000)
  to   space 2560K, 0% used [0x00000007acb00000,0x00000007acb00000,0x00000007acd80000)
 ParOldGen       total 174080K, used 22959K [0x0000000700e00000, 0x000000070b800000, 0x00000007aaf00000)
  object space 174080K, 13% used [0x0000000700e00000,0x000000070246bdc8,0x000000070b800000)
 PSPermGen       total 21504K, used 16546K [0x00000006fbc00000, 0x00000006fd100000, 0x0000000700e00000)
  object space 21504K, 76% used [0x00000006fbc00000,0x00000006fcc289b0,0x00000006fd100000)
Event: 1023.131 GC heap after
Heap after GC invocations=308 (full 0):
 PSYoungGen      total 28160K, used 2324K [0x00000007aaf00000, 0x00000007ace80000, 0x0000000800000000)
  eden space 25600K, 0% used [0x00000007aaf00000,0x00000007aaf00000,0x00000007ac800000)
  from space 2560K, 90% used [0x00000007acb00000,0x00000007acd45030,0x00000007acd80000)
  to   space 3072K, 0% used [0x00000007ac800000,0x00000007ac800000,0x00000007acb00000)
 ParOldGen       total 174080K, used 22975K [0x0000000700e00000, 0x000000070b800000, 0x00000007aaf00000)
  object space 174080K, 13% used [0x0000000700e00000,0x000000070246fdc8,0x000000070b800000)
 PSPermGen       total 21504K, used 16546K [0x00000006fbc00000, 0x00000006fd100000, 0x0000000700e00000)
  object space 21504K, 76% used [0x00000006fbc00000,0x00000006fcc289b0,0x00000006fd100000)
}
Event: 1025.317 GC heap before
{Heap before GC invocations=309 (full 0):
 PSYoungGen      total 28160K, used 27924K [0x00000007aaf00000, 0x00000007ace80000, 0x0000000800000000)
  eden space 25600K, 100% used [0x00000007aaf00000,0x00000007ac800000,0x00000007ac800000)
  from space 2560K, 90% used [0x00000007acb00000,0x00000007acd45030,0x00000007acd80000)
  to   space 3072K, 0% used [0x00000007ac800000,0x00000007ac800000,0x00000007acb00000)
 ParOldGen       total 174080K, used 22975K [0x0000000700e00000, 0x000000070b800000, 0x00000007aaf00000)
  object space 174080K, 13% used [0x0000000700e00000,0x000000070246fdc8,0x000000070b800000)
 PSPermGen       total 21504K, used 16546K [0x00000006fbc00000, 0x00000006fd100000, 0x0000000700e00000)
  object space 21504K, 76% used [0x00000006fbc00000,0x00000006fcc289b0,0x00000006fd100000)
Event: 1025.321 GC heap after
Heap after GC invocations=309 (full 0):
 PSYoungGen      total 28672K, used 2276K [0x00000007aaf00000, 0x00000007ace00000, 0x0000000800000000)
  eden space 25600K, 0% used [0x00000007aaf00000,0x00000007aaf00000,0x00000007ac800000)
  from space 3072K, 74% used [0x00000007ac800000,0x00000007aca39020,0x00000007acb00000)
  to   space 3072K, 0% used [0x00000007acb00000,0x00000007acb00000,0x00000007ace00000)
 ParOldGen       total 174080K, used 23023K [0x0000000700e00000, 0x000000070b800000, 0x00000007aaf00000)
  object space 174080K, 13% used [0x0000000700e00000,0x000000070247bdf8,0x000000070b800000)
 PSPermGen       total 21504K, used 16546K [0x00000006fbc00000, 0x00000006fd100000, 0x0000000700e00000)
  object space 21504K, 76% used [0x00000006fbc00000,0x00000006fcc289b0,0x00000006fd100000)
}
Event: 1027.595 GC heap before
{Heap before GC invocations=310 (full 0):
 PSYoungGen      total 28672K, used 27876K [0x00000007aaf00000, 0x00000007ace00000, 0x0000000800000000)
  eden space 25600K, 100% used [0x00000007aaf00000,0x00000007ac800000,0x00000007ac800000)
  from space 3072K, 74% used [0x00000007ac800000,0x00000007aca39020,0x00000007acb00000)
  to   space 3072K, 0% used [0x00000007acb00000,0x00000007acb00000,0x00000007ace00000)
 ParOldGen       total 174080K, used 23023K [0x0000000700e00000, 0x000000070b800000, 0x00000007aaf00000)
  object space 174080K, 13% used [0x0000000700e00000,0x000000070247bdf8,0x000000070b800000)
 PSPermGen       total 21504K, used 16546K [0x00000006fbc00000, 0x00000006fd100000, 0x0000000700e00000)
  object space 21504K, 76% used [0x00000006fbc00000,0x00000006fcc289b0,0x00000006fd100000)
Event: 1027.597 GC heap after
Heap after GC invocations=310 (full 0):
 PSYoungGen      total 28672K, used 1335K [0x00000007aaf00000, 0x00000007ace00000, 0x0000000800000000)
  eden space 25600K, 0% used [0x00000007aaf00000,0x00000007aaf00000,0x00000007ac800000)
  from space 3072K, 43% used [0x00000007acb00000,0x00000007acc4dcc0,0x00000007ace00000)
  to   space 3072K, 0% used [0x00000007ac800000,0x00000007ac800000,0x00000007acb00000)
 ParOldGen       total 174080K, used 23047K [0x0000000700e00000, 0x000000070b800000, 0x00000007aaf00000)
  object space 174080K, 13% used [0x0000000700e00000,0x0000000702481df8,0x000000070b800000)
 PSPermGen       total 21504K, used 16546K [0x00000006fbc00000, 0x00000006fd100000, 0x0000000700e00000)
  object space 21504K, 76% used [0x00000006fbc00000,0x00000006fcc289b0,0x00000006fd100000)
}
Event: 1031.036 GC heap before
{Heap before GC invocations=311 (full 0):
 PSYoungGen      total 28672K, used 26935K [0x00000007aaf00000, 0x00000007ace00000, 0x0000000800000000)
  eden space 25600K, 100% used [0x00000007aaf00000,0x00000007ac800000,0x00000007ac800000)
  from space 3072K, 43% used [0x00000007acb00000,0x00000007acc4dcc0,0x00000007ace00000)
  to   space 3072K, 0% used [0x00000007ac800000,0x00000007ac800000,0x00000007acb00000)
 ParOldGen       total 174080K, used 23047K [0x0000000700e00000, 0x000000070b800000, 0x00000007aaf00000)
  object space 174080K, 13% used [0x0000000700e00000,0x0000000702481df8,0x000000070b800000)
 PSPermGen       total 21504K, used 16546K [0x00000006fbc00000, 0x00000006fd100000, 0x0000000700e00000)
  object space 21504K, 76% used [0x00000006fbc00000,0x00000006fcc289b0,0x00000006fd100000)
Event: 1031.040 GC heap after
Heap after GC invocations=311 (full 0):
 PSYoungGen      total 28672K, used 1407K [0x00000007aaf00000, 0x00000007ace00000, 0x0000000800000000)
  eden space 25600K, 0% used [0x00000007aaf00000,0x00000007aaf00000,0x00000007ac800000)
  from space 3072K, 45% used [0x00000007ac800000,0x00000007ac95fcc0,0x00000007acb00000)
  to   space 3072K, 0% used [0x00000007acb00000,0x00000007acb00000,0x00000007ace00000)
 ParOldGen       total 174080K, used 23055K [0x0000000700e00000, 0x000000070b800000, 0x00000007aaf00000)
  object space 174080K, 13% used [0x0000000700e00000,0x0000000702483df8,0x000000070b800000)
 PSPermGen       total 21504K, used 16546K [0x00000006fbc00000, 0x00000006fd100000, 0x0000000700e00000)
  object space 21504K, 76% used [0x00000006fbc00000,0x00000006fcc289b0,0x00000006fd100000)
}

Deoptimization events (10 events):
Event: 1031.367 Thread 0x0000000010e77800 Uncommon trap: reason=class_check action=maybe_recompile pc=0x00000000025d3e0c method=java.util.Arrays.copyOf([Ljava/lang/Object;ILjava/lang/Class;)[Ljava/lang/Object; @ 25
Event: 1031.368 Thread 0x0000000010e77800 Uncommon trap: reason=class_check action=maybe_recompile pc=0x0000000002706a28 method=javax.swing.text.PlainView.paint(Ljava/awt/Graphics;Ljava/awt/Shape;)V @ 4
Event: 23103.245 Thread 0x0000000010e77800 Uncommon trap: reason=class_check action=maybe_recompile pc=0x00000000025d3e0c method=java.util.Arrays.copyOf([Ljava/lang/Object;ILjava/lang/Class;)[Ljava/lang/Object; @ 25
Event: 23103.457 Thread 0x0000000010e77800 Uncommon trap: reason=class_check action=maybe_recompile pc=0x00000000025d3e0c method=java.util.Arrays.copyOf([Ljava/lang/Object;ILjava/lang/Class;)[Ljava/lang/Object; @ 25
Event: 23114.449 Thread 0x0000000010e77800 Uncommon trap: reason=predicate action=maybe_recompile pc=0x00000000026de9f0 method=java.util.AbstractCollection.toArray()[Ljava/lang/Object; @ 21
Event: 23114.449 Thread 0x0000000010e77800 Uncommon trap: reason=unreached action=reinterpret pc=0x00000000026ff698 method=java.awt.Font.equals(Ljava/lang/Object;)Z @ 2
Event: 23450.273 Thread 0x0000000010e77800 Uncommon trap: reason=class_check action=maybe_recompile pc=0x0000000002752398 method=sun.java2d.loops.SurfaceType.pixelFor(ILjava/awt/image/ColorModel;)I @ 6
Event: 23450.356 Thread 0x0000000010e77800 Uncommon trap: reason=class_check action=maybe_recompile pc=0x0000000002752398 method=sun.java2d.loops.SurfaceType.pixelFor(ILjava/awt/image/ColorModel;)I @ 6
Event: 23450.356 Thread 0x0000000010e77800 Uncommon trap: reason=class_check action=maybe_recompile pc=0x0000000002752398 method=sun.java2d.loops.SurfaceType.pixelFor(ILjava/awt/image/ColorModel;)I @ 6
Event: 23450.356 Thread 0x0000000010e77800 Uncommon trap: reason=class_check action=maybe_recompile pc=0x0000000002752398 method=sun.java2d.loops.SurfaceType.pixelFor(ILjava/awt/image/ColorModel;)I @ 6

Internal exceptions (10 events):
Event: 57.072 Thread 0x0000000010e77800 Threw 0x00000007ac6e5840 at C:\re\jdk7u51\527\hotspot\src\share\vm\prims\jvm.cpp:1244
Event: 57.073 Thread 0x0000000010e77800 Threw 0x00000007ac6eb530 at C:\re\jdk7u51\527\hotspot\src\share\vm\prims\jvm.cpp:1244
Event: 57.075 Thread 0x0000000010e77800 Threw 0x00000007ac6f0218 at C:\re\jdk7u51\527\hotspot\src\share\vm\prims\jvm.cpp:1244
Event: 57.081 Thread 0x0000000010e77800 Threw 0x00000007ac6fdab8 at C:\re\jdk7u51\527\hotspot\src\share\vm\prims\jvm.cpp:1244
Event: 57.098 Thread 0x0000000010e77800 Threw 0x00000007ac7023d0 at C:\re\jdk7u51\527\hotspot\src\share\vm\prims\jvm.cpp:1244
Event: 57.099 Thread 0x0000000010e77800 Threw 0x00000007ac7071b0 at C:\re\jdk7u51\527\hotspot\src\share\vm\prims\jvm.cpp:1244
Event: 57.101 Thread 0x0000000010e77800 Threw 0x00000007ac713928 at C:\re\jdk7u51\527\hotspot\src\share\vm\prims\jvm.cpp:1244
Event: 57.351 Thread 0x0000000010e77800 Threw 0x00000007ac727b80 at C:\re\jdk7u51\527\hotspot\src\share\vm\prims\jvm.cpp:1244
Event: 61.337 Thread 0x000000000fbf6000 Threw 0x00000007ab0074f8 at C:\re\jdk7u51\527\hotspot\src\share\vm\interpreter\linkResolver.cpp:883
Event: 114.583 Thread 0x0000000010e77800 Threw 0x00000007ac304b60 at C:\re\jdk7u51\527\hotspot\src\share\vm\prims\jvm.cpp:1244

Events (10 events):
Event: 23450.356 Thread 0x0000000010e77800 DEOPT PACKING pc=0x0000000002752398 sp=0x000000001645cdb0
Event: 23450.356 Thread 0x0000000010e77800 DEOPT UNPACKING pc=0x00000000025575a4 sp=0x000000001645ccd0 mode 2
Event: 23450.360 loading class 0x00000000164e4f80
Event: 23450.360 loading class 0x0000000010d39540
Event: 23450.360 loading class 0x0000000010d39540 done
Event: 23450.360 loading class 0x00000000164e4f80 done
Event: 23450.360 loading class 0x0000000010c7fb50
Event: 23450.360 loading class 0x0000000010c7fb50 done
Event: 23450.360 loading class 0x0000000010d39670
Event: 23450.360 loading class 0x0000000010d39670 done


Dynamic libraries:
0x000000013f860000 - 0x000000013f893000 	C:\Java\jdk\bin\java.exe
0x0000000077990000 - 0x0000000077b39000 	C:\Windows\SYSTEM32\ntdll.dll
0x0000000077870000 - 0x000000007798f000 	C:\Windows\system32\kernel32.dll
0x000007fefd7f0000 - 0x000007fefd85b000 	C:\Windows\system32\KERNELBASE.dll
0x000007fefdb70000 - 0x000007fefdc4b000 	C:\Windows\system32\ADVAPI32.dll
0x000007fefdff0000 - 0x000007fefe08f000 	C:\Windows\system32\msvcrt.dll
0x000007feffc80000 - 0x000007feffc9f000 	C:\Windows\SYSTEM32\sechost.dll
0x000007fefdcd0000 - 0x000007fefddfd000 	C:\Windows\system32\RPCRT4.dll
0x0000000077770000 - 0x000000007786a000 	C:\Windows\system32\USER32.dll
0x000007feffc10000 - 0x000007feffc77000 	C:\Windows\system32\GDI32.dll
0x000007fefe7a0000 - 0x000007fefe7ae000 	C:\Windows\system32\LPK.dll
0x000007feffb40000 - 0x000007feffc09000 	C:\Windows\system32\USP10.dll
0x000007fefc840000 - 0x000007fefca34000 	C:\Windows\WinSxS\amd64_microsoft.windows.common-controls_6595b64144ccf1df_6.0.7601.17514_none_fa396087175ac9ac\COMCTL32.dll
0x000007fefdc50000 - 0x000007fefdcc1000 	C:\Windows\system32\SHLWAPI.dll
0x000007feff910000 - 0x000007feff93e000 	C:\Windows\system32\IMM32.DLL
0x000007fefdee0000 - 0x000007fefdfe9000 	C:\Windows\system32\MSCTF.dll
0x0000000072b90000 - 0x0000000072c62000 	C:\Java\jdk\jre\bin\msvcr100.dll
0x0000000069f70000 - 0x000000006a739000 	C:\Java\jdk\jre\bin\server\jvm.dll
0x000007fef0fd0000 - 0x000007fef0fd9000 	C:\Windows\system32\WSOCK32.dll
0x000007fefe0a0000 - 0x000007fefe0ed000 	C:\Windows\system32\WS2_32.dll
0x000007fefe090000 - 0x000007fefe098000 	C:\Windows\system32\NSI.dll
0x000007fefa230000 - 0x000007fefa26b000 	C:\Windows\system32\WINMM.dll
0x0000000077b60000 - 0x0000000077b67000 	C:\Windows\system32\PSAPI.DLL
0x0000000073fb0000 - 0x0000000073fbf000 	C:\Java\jdk\jre\bin\verify.dll
0x0000000073990000 - 0x00000000739b8000 	C:\Java\jdk\jre\bin\java.dll
0x0000000073f90000 - 0x0000000073fa5000 	C:\Java\jdk\jre\bin\zip.dll
0x0000000071ed0000 - 0x0000000072065000 	C:\Java\jdk\jre\bin\awt.dll
0x000007fefde00000 - 0x000007fefded7000 	C:\Windows\system32\OLEAUT32.dll
0x000007fefe7b0000 - 0x000007fefe9b3000 	C:\Windows\system32\ole32.dll
0x000007fefa7f0000 - 0x000007fefa808000 	C:\Windows\system32\DWMAPI.DLL
0x000007fefac40000 - 0x000007fefac96000 	C:\Windows\system32\uxtheme.dll
0x000007fefd670000 - 0x000007fefd67f000 	C:\Windows\system32\CRYPTBASE.dll
0x000007fefc540000 - 0x000007fefc54c000 	C:\Windows\system32\VERSION.dll
0x000007feff960000 - 0x000007feffb37000 	C:\Windows\system32\SETUPAPI.dll
0x000007fefd8a0000 - 0x000007fefd8d6000 	C:\Windows\system32\CFGMGR32.dll
0x000007fefda60000 - 0x000007fefda7a000 	C:\Windows\system32\DEVOBJ.dll
0x000007fee6900000 - 0x000007fee6a62000 	C:\Program Files (x86)\NVIDIA Corporation\3D Vision\nvSCPAPI64.dll
0x000007fefeb00000 - 0x000007feff888000 	C:\Windows\system32\SHELL32.dll
0x0000000180000000 - 0x0000000180114000 	C:\Windows\system32\nvspcap64.dll
0x000007fef8f20000 - 0x000007fef9234000 	C:\Windows\system32\nvapi64.dll
0x000007fefdb20000 - 0x000007fefdb5a000 	C:\Windows\system32\WINTRUST.dll
0x000007fefd8f0000 - 0x000007fefda5c000 	C:\Windows\system32\CRYPT32.dll
0x000007fefd7e0000 - 0x000007fefd7ef000 	C:\Windows\system32\MSASN1.dll
0x0000000073020000 - 0x0000000073067000 	C:\Java\jdk\jre\bin\fontmanager.dll
0x0000000073090000 - 0x00000000730a9000 	C:\Java\jdk\jre\bin\net.dll
0x000007fefcfb0000 - 0x000007fefd005000 	C:\Windows\system32\mswsock.dll
0x000007fefcfa0000 - 0x000007fefcfa7000 	C:\Windows\System32\wship6.dll
0x0000000073070000 - 0x0000000073081000 	C:\Java\jdk\jre\bin\nio.dll
0x0000000072fd0000 - 0x0000000073011000 	C:\Java\jdk\jre\bin\t2k.dll
0x000007feeb840000 - 0x000007feeb87f000 	C:\Program Files\WIDCOMM\Bluetooth Software\btmmhook.dll
0x000007fefea60000 - 0x000007fefeaf9000 	C:\Windows\system32\CLBCatQ.DLL
0x000007fefa680000 - 0x000007fefa7e1000 	C:\Windows\system32\WindowsCodecs.dll
0x000007fefd610000 - 0x000007fefd667000 	C:\Windows\system32\apphelp.dll
0x000007fef6460000 - 0x000007fef6495000 	C:\Windows\system32\EhStorShell.dll
0x000007fefc100000 - 0x000007fefc22c000 	C:\Windows\system32\PROPSYS.dll
0x000007fef5e70000 - 0x000007fef5f30000 	C:\Program Files (x86)\Google\Drive\googledrivesync64.dll
0x00000000719a0000 - 0x0000000071a73000 	C:\Windows\WinSxS\amd64_microsoft.vc90.crt_1fc8b3b9a1e18e3b_9.0.30729.6161_none_08e61857a83bc251\MSVCP90.dll
0x00000000718f0000 - 0x0000000071993000 	C:\Windows\WinSxS\amd64_microsoft.vc90.crt_1fc8b3b9a1e18e3b_9.0.30729.6161_none_08e61857a83bc251\MSVCR90.dll
0x000007fef5570000 - 0x000007fef5be2000 	C:\PROGRA~1\MICROS~2\Office14\GROOVEEX.DLL
0x00000000718c0000 - 0x00000000718ef000 	C:\Windows\WinSxS\amd64_microsoft.vc90.atl_1fc8b3b9a1e18e3b_9.0.30729.6161_none_0a1fd3a3a768b895\ATL90.DLL
0x000007fef5160000 - 0x000007fef556f000 	C:\PROGRA~1\COMMON~1\MICROS~1\OFFICE14\Cultures\office.odf
0x000007fef33e0000 - 0x000007fef3c44000 	C:\PROGRA~1\MICROS~2\Office14\1033\GrooveIntlResource.dll
0x0000000071ea0000 - 0x0000000071ec4000 	C:\Java\jdk\jre\bin\sunec.dll
0x0000000073980000 - 0x000000007398b000 	C:\Java\jdk\jre\bin\sunmscapi.dll
0x000007fefd010000 - 0x000007fefd027000 	C:\Windows\system32\CRYPTSP.dll
0x000007fefcd10000 - 0x000007fefcd57000 	C:\Windows\system32\rsaenh.dll
0x000007fefc730000 - 0x000007fefc74e000 	C:\Windows\system32\USERENV.dll
0x000007fefd740000 - 0x000007fefd74f000 	C:\Windows\system32\profapi.dll
0x000007fefbfb0000 - 0x000007fefbfc5000 	C:\Windows\system32\NLAapi.dll
0x000007fefa650000 - 0x000007fefa665000 	C:\Windows\system32\napinsp.dll
0x000007fefa580000 - 0x000007fefa599000 	C:\Windows\system32\pnrpnsp.dll
0x000007fefa570000 - 0x000007fefa580000 	C:\Windows\system32\wshbth.dll
0x0000000073b00000 - 0x0000000073b26000 	C:\Program Files\Bonjour\mdnsNSP.dll
0x000007fefbaf0000 - 0x000007fefbb17000 	C:\Windows\system32\Iphlpapi.DLL
0x000007fefbae0000 - 0x000007fefbaeb000 	C:\Windows\system32\WINNSI.DLL
0x000007fefce30000 - 0x000007fefce8b000 	C:\Windows\system32\DNSAPI.dll
0x000007fefa560000 - 0x000007fefa56b000 	C:\Windows\System32\winrnr.dll
0x000007fefc610000 - 0x000007fefc617000 	C:\Windows\System32\wshtcpip.dll
0x000007fef8e00000 - 0x000007fef8e08000 	C:\Windows\system32\rasadhlp.dll
0x000007fefb9b0000 - 0x000007fefba03000 	C:\Windows\System32\fwpuclnt.dll
0x000007feee910000 - 0x000007feee92e000 	C:\Program Files\NVIDIA Corporation\Display\NvSmartMax64.dll
0x000007fefcb40000 - 0x000007fefcb51000 	C:\Windows\system32\WTSAPI32.dll
0x000007fefbf10000 - 0x000007fefbf3d000 	C:\Windows\system32\ntmarta.dll
0x000007fefe500000 - 0x000007fefe552000 	C:\Windows\system32\WLDAP32.dll
0x000007fef0cb0000 - 0x000007fef0dd5000 	C:\Windows\system32\dbghelp.dll

VM Arguments:
jvm_args: -Dfile.encoding=UTF-8 
java_command: main.ScrapApp
Launcher Type: SUN_STANDARD

Environment Variables:
PATH=C:\PROGRAM FILES\BROADCOM\BROADCOM 802.11 NETWORK ADAPTER\DRIVER;C:\PROGRAM FILES (X86)\NVIDIA CORPORATION\PHYSX\COMMON;C:\PROGRAM FILES (X86)\INTEL\ICLS CLIENT\;C:\PROGRAM FILES\INTEL\ICLS CLIENT\;C:\Windows\SYSTEM32;C:\Windows;C:\Windows\SYSTEM32\WBEM;C:\Windows\SYSTEM32\WINDOWSPOWERSHELL\V1.0\;C:\PROGRAM FILES\INTEL\INTEL(R) MANAGEMENT ENGINE COMPONENTS\DAL;C:\PROGRAM FILES\INTEL\INTEL(R) MANAGEMENT ENGINE COMPONENTS\IPT;C:\PROGRAM FILES (X86)\INTEL\INTEL(R) MANAGEMENT ENGINE COMPONENTS\DAL;C:\PROGRAM FILES (X86)\INTEL\INTEL(R) MANAGEMENT ENGINE COMPONENTS\IPT;;C:\PROGRAM FILES (X86)\MYSQL\MYSQL UTILITIES 1.3.5\;C:\Program Files\WIDCOMM\Bluetooth Software\;C:\Program Files\WIDCOMM\Bluetooth Software\syswow64;C:\Java\jre7\bin\javaw.exe;C:\Java\jdk;
USERNAME=Mikhail
OS=Windows_NT
PROCESSOR_IDENTIFIER=Intel64 Family 6 Model 60 Stepping 3, GenuineIntel



---------------  S Y S T E M  ---------------

OS: Windows 7 , 64 bit Build 7601 Service Pack 1

CPU:total 8 (4 cores per cpu, 2 threads per core) family 6 model 60 stepping 3, cmov, cx8, fxsr, mmx, sse, sse2, sse3, ssse3, sse4.1, sse4.2, popcnt, avx, avx2, aes, erms, ht, tsc, tscinvbit

Memory: 4k page, physical 16713336k(14304908k free), swap 33424808k(28505648k free)

vm_info: Java HotSpot(TM) 64-Bit Server VM (24.51-b03) for windows-amd64 JRE (1.7.0_51-b13), built on Dec 18 2013 18:40:56 by "java_re" with unknown MS VC++:1600

time: Fri Mar 21 00:18:19 2014
elapsed time: 23450 seconds

